Using pre-set license
Built from '2020.3/release' branch; Version is '2020.3.7f1 (dd97f2c94397) revision 14522354'; Using compiler version '192528614'; Build Type 'Release'
OS: 'Windows 10 Home Single Language; OS build 19041.1052; Version 2004; 64bit' Language: 'en' Physical Memory: 8072 MB
BatchMode: 1, IsHumanControllingUs: 0, StartBugReporterOnCrash: 0, Is64bit: 1, IsPro: 0

 COMMAND LINE ARGUMENTS:
C:\Program Files\Unity\Hub\Editor\2020.3.7f1\Editor\Unity.exe
-adb2
-batchMode
-noUpm
-name
AssetImportWorker0
-projectPath
C:/Users/LENOVO/Desktop/creat by code/KillZombies/KillZombies
-logFile
Logs/AssetImportWorker0.log
-srvPort
51379
Successfully changed project path to: C:/Users/LENOVO/Desktop/creat by code/KillZombies/KillZombies
C:/Users/LENOVO/Desktop/creat by code/KillZombies/KillZombies
Using Asset Import Pipeline V2.
Refreshing native plugins compatible for Editor in 95.32 ms, found 0 plugins.
Preloading 0 native plugins for Editor in 0.00 ms.
Initialize engine version: 2020.3.7f1 (dd97f2c94397)
[Subsystems] Discovering subsystems at path C:/Program Files/Unity/Hub/Editor/2020.3.7f1/Editor/Data/Resources/UnitySubsystems
[Subsystems] Discovering subsystems at path C:/Users/LENOVO/Desktop/creat by code/KillZombies/KillZombies/Assets
GfxDevice: creating device client; threaded=0
Direct3D:
    Version:  Direct3D 11.0 [level 11.0]
    Renderer: NVIDIA GeForce MX110 (ID=0x174e)
    Vendor:   
    VRAM:     2010 MB
    Driver:   27.21.14.5749
Initialize mono
Mono path[0] = 'C:/Program Files/Unity/Hub/Editor/2020.3.7f1/Editor/Data/Managed'
Mono path[1] = 'C:/Program Files/Unity/Hub/Editor/2020.3.7f1/Editor/Data/MonoBleedingEdge/lib/mono/unityjit'
Mono config path = 'C:/Program Files/Unity/Hub/Editor/2020.3.7f1/Editor/Data/MonoBleedingEdge/etc'
Using monoOptions --debugger-agent=transport=dt_socket,embedding=1,server=y,suspend=n,address=127.0.0.1:56296
Begin MonoManager ReloadAssembly
Registering precompiled unity dll's ...
Register platform support module: C:/Program Files/Unity/Hub/Editor/2020.3.7f1/Editor/Data/PlaybackEngines/WebGLSupport/UnityEditor.WebGL.Extensions.dll
Register platform support module: C:/Program Files/Unity/Hub/Editor/2020.3.7f1/Editor/Data/PlaybackEngines/WindowsStandaloneSupport/UnityEditor.WindowsStandalone.Extensions.dll
Registered in 0.008003 seconds.
Native extension for WindowsStandalone target not found
Native extension for WebGL target not found
Refreshing native plugins compatible for Editor in 27.25 ms, found 0 plugins.
Preloading 0 native plugins for Editor in 0.00 ms.
Mono: successfully reloaded assembly
- Completed reload, in  1.848 seconds
Platform modules already initialized, skipping
Registering precompiled user dll's ...
Registered in 0.001912 seconds.
Begin MonoManager ReloadAssembly
Native extension for WindowsStandalone target not found
Native extension for WebGL target not found
Refreshing native plugins compatible for Editor in 0.24 ms, found 0 plugins.
Preloading 0 native plugins for Editor in 0.00 ms.
Mono: successfully reloaded assembly
- Completed reload, in  1.974 seconds
Platform modules already initialized, skipping
========================================================================
Worker process is ready to serve import requests
Launched and connected shader compiler UnityShaderCompiler.exe after 0.09 seconds
Refreshing native plugins compatible for Editor in 0.39 ms, found 0 plugins.
Preloading 0 native plugins for Editor in 0.00 ms.
Unloading 1119 Unused Serialized files (Serialized files now loaded: 0)
System memory in use before: 58.5 MB.
System memory in use after: 58.5 MB.

Unloading 10 unused Assets to reduce memory usage. Loaded Objects now: 1566.
Total: 3.572200 ms (FindLiveObjects: 0.467700 ms CreateObjectMapping: 0.187700 ms MarkObjects: 2.709500 ms  DeleteObjects: 0.204300 ms)

========================================================================
Received Import Request.
  path: Assets/Scripts/MoveToPlayer.cs
  artifactKey: Guid(689813f03489e344f91a89779d0fc341) Importer(815301076,1909f56bfc062723c751e8b465ee728b)
Start importing Assets/Scripts/MoveToPlayer.cs using Guid(689813f03489e344f91a89779d0fc341) Importer(815301076,1909f56bfc062723c751e8b465ee728b)  -> (artifact id: '128b9c58486dfe9f62f16882e0aac1c1') in 0.104514 seconds
  Import took 0.109822 seconds .

========================================================================
Received Import Request.
  Time since last request: 0.000694 seconds.
  path: Assets/Scripts/PlayerController.cs
  artifactKey: Guid(dc8fb4bbaa10ba24da4603bab3ad81a4) Importer(815301076,1909f56bfc062723c751e8b465ee728b)
Start importing Assets/Scripts/PlayerController.cs using Guid(dc8fb4bbaa10ba24da4603bab3ad81a4) Importer(815301076,1909f56bfc062723c751e8b465ee728b)  -> (artifact id: '2019972183dc85b11299640533b5b3b1') in 0.009444 seconds
  Import took 0.012942 seconds .

========================================================================
Received Prepare
Refreshing native plugins compatible for Editor in 5.20 ms, found 0 plugins.
Preloading 0 native plugins for Editor in 0.00 ms.
Unloading 3 Unused Serialized files (Serialized files now loaded: 0)
System memory in use before: 36.2 MB.
System memory in use after: 36.3 MB.

Unloading 3 unused Assets to reduce memory usage. Loaded Objects now: 1566.
Total: 5.954500 ms (FindLiveObjects: 0.181400 ms CreateObjectMapping: 0.046700 ms MarkObjects: 5.617400 ms  DeleteObjects: 0.106200 ms)

